# JRE version: Java(TM) SE Runtime Environment (7.0_40-b43) (build 1.7.0_40-b43)
# Java VM: Java HotSpot(TM) Client VM (24.0-b56 mixed mode windows-x86 )
Heap
 def new generation   total 4928K, used 2323K [0x04870000, 0x04dc0000, 0x09dc0000)
  eden space 4416K,  41% used [0x04870000, 0x04a34d00, 0x04cc0000)
  from space 512K, 100% used [0x04cc0000, 0x04d40000, 0x04d40000)
  to   space 512K,   0% used [0x04d40000, 0x04d40000, 0x04dc0000)
 tenured generation   total 10944K, used 3527K [0x09dc0000, 0x0a870000, 0x14870000)
   the space 10944K,  32% used [0x09dc0000, 0x0a131c10, 0x0a131e00, 0x0a870000)
 compacting perm gen  total 12288K, used 8115K [0x14870000, 0x15470000, 0x18870000)
   the space 12288K,  66% used [0x14870000, 0x1505cf98, 0x1505d000, 0x15470000)
GC Heap History (8 events):
Event: 0.216 GC heap before
{Heap before GC invocations=0 (full 0):
 def new generation   total 4928K, used 4416K [0x04870000, 0x04dc0000, 0x09dc0000)
  eden space 4416K, 100% used [0x04870000, 0x04cc0000, 0x04cc0000)
  from space 512K,   0% used [0x04cc0000, 0x04cc0000, 0x04d40000)
  to   space 512K,   0% used [0x04d40000, 0x04d40000, 0x04dc0000)
 tenured generation   total 10944K, used 0K [0x09dc0000, 0x0a870000, 0x14870000)
   the space 10944K,   0% used [0x09dc0000, 0x09dc0000, 0x09dc0200, 0x0a870000)
 compacting perm gen  total 12288K, used 4170K [0x14870000, 0x15470000, 0x18870000)
   the space 12288K,  33% used [0x14870000, 0x14c82928, 0x14c82a00, 0x15470000)
No shared spaces configured.
Event: 0.220 GC heap after
Heap after GC invocations=1 (full 0):
 def new generation   total 4928K, used 512K [0x04870000, 0x04dc0000, 0x09dc0000)
  eden space 4416K,   0% used [0x04870000, 0x04870000, 0x04cc0000)
  from space 512K, 100% used [0x04d40000, 0x04dc0000, 0x04dc0000)
  to   space 512K,   0% used [0x04cc0000, 0x04cc0000, 0x04d40000)
 tenured generation   total 10944K, used 822K [0x09dc0000, 0x0a870000, 0x14870000)
   the space 10944K,   7% used [0x09dc0000, 0x09e8d9e8, 0x09e8da00, 0x0a870000)
 compacting perm gen  total 12288K, used 4170K [0x14870000, 0x15470000, 0x18870000)
   the space 12288K,  33% used [0x14870000, 0x14c82928, 0x14c82a00, 0x15470000)
No shared spaces configured.
}
Event: 0.289 GC heap before
{Heap before GC invocations=1 (full 0):
 def new generation   total 4928K, used 4904K [0x04870000, 0x04dc0000, 0x09dc0000)
  eden space 4416K,  99% used [0x04870000, 0x04cba178, 0x04cc0000)
  from space 512K, 100% used [0x04d40000, 0x04dc0000, 0x04dc0000)
  to   space 512K,   0% used [0x04cc0000, 0x04cc0000, 0x04d40000)
 tenured generation   total 10944K, used 822K [0x09dc0000, 0x0a870000, 0x14870000)
   the space 10944K,   7% used [0x09dc0000, 0x09e8d9e8, 0x09e8da00, 0x0a870000)
 compacting perm gen  total 12288K, used 5703K [0x14870000, 0x15470000, 0x18870000)
   the space 12288K,  46% used [0x14870000, 0x14e01ed0, 0x14e02000, 0x15470000)
No shared spaces configured.
Event: 0.293 GC heap after
Heap after GC invocations=2 (full 0):
 def new generation   total 4928K, used 512K [0x04870000, 0x04dc0000, 0x09dc0000)
  eden space 4416K,   0% used [0x04870000, 0x04870000, 0x04cc0000)
  from space 512K, 100% used [0x04cc0000, 0x04d40000, 0x04d40000)
  to   space 512K,   0% used [0x04d40000, 0x04d40000, 0x04dc0000)
 tenured generation   total 10944K, used 1819K [0x09dc0000, 0x0a870000, 0x14870000)
   the space 10944K,  16% used [0x09dc0000, 0x09f86eb8, 0x09f87000, 0x0a870000)
 compacting perm gen  total 12288K, used 5703K [0x14870000, 0x15470000, 0x18870000)
   the space 12288K,  46% used [0x14870000, 0x14e01ed0, 0x14e02000, 0x15470000)
No shared spaces configured.
}
Event: 0.390 GC heap before
{Heap before GC invocations=2 (full 0):
 def new generation   total 4928K, used 4928K [0x04870000, 0x04dc0000, 0x09dc0000)
  eden space 4416K, 100% used [0x04870000, 0x04cc0000, 0x04cc0000)
  from space 512K, 100% used [0x04cc0000, 0x04d40000, 0x04d40000)
  to   space 512K,   0% used [0x04d40000, 0x04d40000, 0x04dc0000)
 tenured generation   total 10944K, used 1819K [0x09dc0000, 0x0a870000, 0x14870000)
   the space 10944K,  16% used [0x09dc0000, 0x09f86eb8, 0x09f87000, 0x0a870000)
 compacting perm gen  total 12288K, used 6673K [0x14870000, 0x15470000, 0x18870000)
   the space 12288K,  54% used [0x14870000, 0x14ef4470, 0x14ef4600, 0x15470000)
No shared spaces configured.
Event: 0.393 GC heap after
Heap after GC invocations=3 (full 0):
 def new generation   total 4928K, used 511K [0x04870000, 0x04dc0000, 0x09dc0000)
  eden space 4416K,   0% used [0x04870000, 0x04870000, 0x04cc0000)
  from space 512K,  99% used [0x04d40000, 0x04dbfff8, 0x04dc0000)
  to   space 512K,   0% used [0x04cc0000, 0x04cc0000, 0x04d40000)
 tenured generation   total 10944K, used 2682K [0x09dc0000, 0x0a870000, 0x14870000)
   the space 10944K,  24% used [0x09dc0000, 0x0a05e998, 0x0a05ea00, 0x0a870000)
 compacting perm gen  total 12288K, used 6673K [0x14870000, 0x15470000, 0x18870000)
   the space 12288K,  54% used [0x14870000, 0x14ef4470, 0x14ef4600, 0x15470000)
No shared spaces configured.
}
Event: 0.462 GC heap before
{Heap before GC invocations=3 (full 0):
 def new generation   total 4928K, used 4927K [0x04870000, 0x04dc0000, 0x09dc0000)
  eden space 4416K, 100% used [0x04870000, 0x04cc0000, 0x04cc0000)
  from space 512K,  99% used [0x04d40000, 0x04dbfff8, 0x04dc0000)
  to   space 512K,   0% used [0x04cc0000, 0x04cc0000, 0x04d40000)
 tenured generation   total 10944K, used 2682K [0x09dc0000, 0x0a870000, 0x14870000)
   the space 10944K,  24% used [0x09dc0000, 0x0a05e998, 0x0a05ea00, 0x0a870000)
 compacting perm gen  total 12288K, used 7607K [0x14870000, 0x15470000, 0x18870000)
   the space 12288K,  61% used [0x14870000, 0x14fddc88, 0x14fdde00, 0x15470000)
No shared spaces configured.
Event: 0.464 GC heap after
Heap after GC invocations=4 (full 0):
 def new generation   total 4928K, used 512K [0x04870000, 0x04dc0000, 0x09dc0000)
  eden space 4416K,   0% used [0x04870000, 0x04870000, 0x04cc0000)
  from space 512K, 100% used [0x04cc0000, 0x04d40000, 0x04d40000)
  to   space 512K,   0% used [0x04d40000, 0x04d40000, 0x04dc0000)
 tenured generation   total 10944K, used 3527K [0x09dc0000, 0x0a870000, 0x14870000)
   the space 10944K,  32% used [0x09dc0000, 0x0a131c10, 0x0a131e00, 0x0a870000)
 compacting perm gen  total 12288K, used 7607K [0x14870000, 0x15470000, 0x18870000)
   the space 12288K,  61% used [0x14870000, 0x14fddc88, 0x14fdde00, 0x15470000)
No shared spaces configured.
}

