# JRE version: Java(TM) SE Runtime Environment (7.0_40-b43) (build 1.7.0_40-b43)
# Java VM: Java HotSpot(TM) Client VM (24.0-b56 mixed mode windows-x86 )
Heap
 def new generation   total 4928K, used 2316K [0x04930000, 0x04e80000, 0x09e80000)
  eden space 4416K,  40% used [0x04930000, 0x04af3310, 0x04d80000)
  from space 512K, 100% used [0x04d80000, 0x04e00000, 0x04e00000)
  to   space 512K,   0% used [0x04e00000, 0x04e00000, 0x04e80000)
 tenured generation   total 10944K, used 3532K [0x09e80000, 0x0a930000, 0x14930000)
   the space 10944K,  32% used [0x09e80000, 0x0a1f3108, 0x0a1f3200, 0x0a930000)
 compacting perm gen  total 12288K, used 8115K [0x14930000, 0x15530000, 0x18930000)
   the space 12288K,  66% used [0x14930000, 0x1511cf70, 0x1511d000, 0x15530000)
GC Heap History (8 events):
Event: 0.396 GC heap before
{Heap before GC invocations=0 (full 0):
 def new generation   total 4928K, used 4416K [0x04930000, 0x04e80000, 0x09e80000)
  eden space 4416K, 100% used [0x04930000, 0x04d80000, 0x04d80000)
  from space 512K,   0% used [0x04d80000, 0x04d80000, 0x04e00000)
  to   space 512K,   0% used [0x04e00000, 0x04e00000, 0x04e80000)
 tenured generation   total 10944K, used 0K [0x09e80000, 0x0a930000, 0x14930000)
   the space 10944K,   0% used [0x09e80000, 0x09e80000, 0x09e80200, 0x0a930000)
 compacting perm gen  total 12288K, used 4170K [0x14930000, 0x15530000, 0x18930000)
   the space 12288K,  33% used [0x14930000, 0x14d42920, 0x14d42a00, 0x15530000)
No shared spaces configured.
Event: 0.400 GC heap after
Heap after GC invocations=1 (full 0):
 def new generation   total 4928K, used 512K [0x04930000, 0x04e80000, 0x09e80000)
  eden space 4416K,   0% used [0x04930000, 0x04930000, 0x04d80000)
  from space 512K, 100% used [0x04e00000, 0x04e80000, 0x04e80000)
  to   space 512K,   0% used [0x04d80000, 0x04d80000, 0x04e00000)
 tenured generation   total 10944K, used 822K [0x09e80000, 0x0a930000, 0x14930000)
   the space 10944K,   7% used [0x09e80000, 0x09f4d9e8, 0x09f4da00, 0x0a930000)
 compacting perm gen  total 12288K, used 4170K [0x14930000, 0x15530000, 0x18930000)
   the space 12288K,  33% used [0x14930000, 0x14d42920, 0x14d42a00, 0x15530000)
No shared spaces configured.
}
Event: 0.469 GC heap before
{Heap before GC invocations=1 (full 0):
 def new generation   total 4928K, used 4892K [0x04930000, 0x04e80000, 0x09e80000)
  eden space 4416K,  99% used [0x04930000, 0x04d77218, 0x04d80000)
  from space 512K, 100% used [0x04e00000, 0x04e80000, 0x04e80000)
  to   space 512K,   0% used [0x04d80000, 0x04d80000, 0x04e00000)
 tenured generation   total 10944K, used 822K [0x09e80000, 0x0a930000, 0x14930000)
   the space 10944K,   7% used [0x09e80000, 0x09f4d9e8, 0x09f4da00, 0x0a930000)
 compacting perm gen  total 12288K, used 5703K [0x14930000, 0x15530000, 0x18930000)
   the space 12288K,  46% used [0x14930000, 0x14ec1ed8, 0x14ec2000, 0x15530000)
No shared spaces configured.
Event: 0.473 GC heap after
Heap after GC invocations=2 (full 0):
 def new generation   total 4928K, used 512K [0x04930000, 0x04e80000, 0x09e80000)
  eden space 4416K,   0% used [0x04930000, 0x04930000, 0x04d80000)
  from space 512K, 100% used [0x04d80000, 0x04e00000, 0x04e00000)
  to   space 512K,   0% used [0x04e00000, 0x04e00000, 0x04e80000)
 tenured generation   total 10944K, used 1819K [0x09e80000, 0x0a930000, 0x14930000)
   the space 10944K,  16% used [0x09e80000, 0x0a046eb8, 0x0a047000, 0x0a930000)
 compacting perm gen  total 12288K, used 5703K [0x14930000, 0x15530000, 0x18930000)
   the space 12288K,  46% used [0x14930000, 0x14ec1ed8, 0x14ec2000, 0x15530000)
No shared spaces configured.
}
Event: 0.569 GC heap before
{Heap before GC invocations=2 (full 0):
 def new generation   total 4928K, used 4928K [0x04930000, 0x04e80000, 0x09e80000)
  eden space 4416K, 100% used [0x04930000, 0x04d80000, 0x04d80000)
  from space 512K, 100% used [0x04d80000, 0x04e00000, 0x04e00000)
  to   space 512K,   0% used [0x04e00000, 0x04e00000, 0x04e80000)
 tenured generation   total 10944K, used 1819K [0x09e80000, 0x0a930000, 0x14930000)
   the space 10944K,  16% used [0x09e80000, 0x0a046eb8, 0x0a047000, 0x0a930000)
 compacting perm gen  total 12288K, used 6673K [0x14930000, 0x15530000, 0x18930000)
   the space 12288K,  54% used [0x14930000, 0x14fb4478, 0x14fb4600, 0x15530000)
No shared spaces configured.
Event: 0.573 GC heap after
Heap after GC invocations=3 (full 0):
 def new generation   total 4928K, used 511K [0x04930000, 0x04e80000, 0x09e80000)
  eden space 4416K,   0% used [0x04930000, 0x04930000, 0x04d80000)
  from space 512K,  99% used [0x04e00000, 0x04e7fff8, 0x04e80000)
  to   space 512K,   0% used [0x04d80000, 0x04d80000, 0x04e00000)
 tenured generation   total 10944K, used 2685K [0x09e80000, 0x0a930000, 0x14930000)
   the space 10944K,  24% used [0x09e80000, 0x0a11f590, 0x0a11f600, 0x0a930000)
 compacting perm gen  total 12288K, used 6673K [0x14930000, 0x15530000, 0x18930000)
   the space 12288K,  54% used [0x14930000, 0x14fb4478, 0x14fb4600, 0x15530000)
No shared spaces configured.
}
Event: 0.640 GC heap before
{Heap before GC invocations=3 (full 0):
 def new generation   total 4928K, used 4927K [0x04930000, 0x04e80000, 0x09e80000)
  eden space 4416K, 100% used [0x04930000, 0x04d80000, 0x04d80000)
  from space 512K,  99% used [0x04e00000, 0x04e7fff8, 0x04e80000)
  to   space 512K,   0% used [0x04d80000, 0x04d80000, 0x04e00000)
 tenured generation   total 10944K, used 2685K [0x09e80000, 0x0a930000, 0x14930000)
   the space 10944K,  24% used [0x09e80000, 0x0a11f590, 0x0a11f600, 0x0a930000)
 compacting perm gen  total 12288K, used 7608K [0x14930000, 0x15530000, 0x18930000)
   the space 12288K,  61% used [0x14930000, 0x1509e248, 0x1509e400, 0x15530000)
No shared spaces configured.
Event: 0.642 GC heap after
Heap after GC invocations=4 (full 0):
 def new generation   total 4928K, used 512K [0x04930000, 0x04e80000, 0x09e80000)
  eden space 4416K,   0% used [0x04930000, 0x04930000, 0x04d80000)
  from space 512K, 100% used [0x04d80000, 0x04e00000, 0x04e00000)
  to   space 512K,   0% used [0x04e00000, 0x04e00000, 0x04e80000)
 tenured generation   total 10944K, used 3532K [0x09e80000, 0x0a930000, 0x14930000)
   the space 10944K,  32% used [0x09e80000, 0x0a1f3108, 0x0a1f3200, 0x0a930000)
 compacting perm gen  total 12288K, used 7608K [0x14930000, 0x15530000, 0x18930000)
   the space 12288K,  61% used [0x14930000, 0x1509e248, 0x1509e400, 0x15530000)
No shared spaces configured.
}

